#
# A fatal error has been detected by the Java Runtime Environment:
#
#  SIGSEGV (0xb) at pc=0x000000011dfaece9, pid=23790, tid=11267
#
# JRE version: Java(TM) SE Runtime Environment (8.0_91-b14) (build 1.8.0_91-b14)
# Java VM: Java HotSpot(TM) 64-Bit Server VM (25.91-b14 mixed mode bsd-amd64 compressed oops)
# Problematic frame:
# C  [libswt-cocoa-3738.jnilib+0x25ce9]  callback+0x297
#
# Failed to write core dump. Core dumps have been disabled. To enable core dumping, try "ulimit -c unlimited" before starting Java again
#
# If you would like to submit a bug report, please visit:
#   http://bugreport.java.com/bugreport/crash.jsp
#

---------------  T H R E A D  ---------------

Current thread (0x00007fc2bb807000):  VMThread [stack: 0x0000700000526000,0x0000700000626000] [id=11267]

siginfo: si_signo: 11 (SIGSEGV), si_code: 1 (SEGV_MAPERR), si_addr: 0x0000000000000078

Registers:
RAX=0x0000000000000000, RBX=0x00007fc2bda71f40, RCX=0x0000700000625764, RDX=0x0000000000000001
RSP=0x0000700000625790, RBP=0x00007000006258c0, RSI=0x0000000000000000, RDI=0x0000000000000000
R8 =0x0000000000000001, R9 =0x00007fc2bd912930, R10=0x00007fc2bc554900, R11=0x00007fc2bb55d850
R12=0x00007fff98c9a4c0, R13=0x00007fff98c9a4c0, R14=0x0000000000000000, R15=0x0000000000000000
RIP=0x000000011dfaece9, EFLAGS=0x0000000000010202, ERR=0x0000000000000004
  TRAPNO=0x000000000000000e

Top of Stack: (sp=0x0000700000625790)
0x0000700000625790:   000000011dfaeadb 00007fff7e54b2e0
0x00007000006257a0:   00007fff7e54b2d8 000000007c90c208
0x00007000006257b0:   00007fff91c71277 00007fff913beae4
0x00007000006257c0:   0000000000000000 00007fc2bb8071f8
0x00007000006257d0:   00007fc2bb530288 00007fc2bb517118
0x00007000006257e0:   0000000200010000 0000000000000000
0x00007000006257f0:   0000700000625850 00007fff00000000
0x0000700000625800:   00007fc2bb4fc080 00007fc2bb403710
0x0000700000625810:   00007fc2bda48600 00007fc2bb472100
0x0000700000625820:   00007fff91c72c70 0000000000000000
0x0000700000625830:   0000000000000001 00007fc2bd912930
0x0000700000625840:   0000000000000000 00000000000000e0
0x0000700000625850:   0000700000625920 00007fff98c9a591
0x0000700000625860:   00007fc2bd912930 0000000000000001
0x0000700000625870:   0000000000000000 0000000000000000
0x0000700000625880:   00007fff91c71277 00007fc2bda71f40
0x0000700000625890:   00007fc2bda72160 00007fff7b8dd4b0
0x00007000006258a0:   0000000000000000 0000000000000000
0x00007000006258b0:   0000000000000000 0000000000000000
0x00007000006258c0:   00007000006258e0 000000011df8d25e
0x00007000006258d0:   00007fff91c72c70 00007fc2bb472100
0x00007000006258e0:   0000700000625920 00007fff913beb5a
0x00007000006258f0:   0000000000000000 0000000000000000
0x0000700000625900:   0000700000625990 00000000000000f8
0x0000700000625910:   0000000000000000 00000000000000e0
0x0000700000625920:   0000700000625960 00007fff91531346
0x0000700000625930:   0000000000000000 00007fc2bda71f40
0x0000700000625940:   00000000000000f8 00007fff98c9a4c0
0x0000700000625950:   0000000000000000 00007fff7e609a00
0x0000700000625960:   00007000006259e0 00007fff91531115
0x0000700000625970:   0000000000000000 0000000000000000
0x0000700000625980:   0000000000000000 0000000000000000 

Instructions: (pc=0x000000011dfaece9)
0x000000011dfaecc9:   ff ff 01 00 00 00 48 8b 85 08 ff ff ff 48 85 c0
0x000000011dfaecd9:   0f 84 9f 03 00 00 48 8b 85 08 ff ff ff 48 8b 00
0x000000011dfaece9:   48 8b 40 78 48 8b bd 08 ff ff ff ff d0 48 89 85
0x000000011dfaecf9:   30 ff ff ff 48 83 bd 30 ff ff ff 00 74 26 48 8b 

Register to memory mapping:

RAX=0x0000000000000000 is an unknown value
RBX=0x00007fc2bda71f40 is an unknown value
RCX=0x0000700000625764 is an unknown value
RDX=0x0000000000000001 is an unknown value
RSP=0x0000700000625790 is an unknown value
RBP=0x00007000006258c0 is an unknown value
RSI=0x0000000000000000 is an unknown value
RDI=0x0000000000000000 is an unknown value
R8 =0x0000000000000001 is an unknown value
R9 =0x00007fc2bd912930 is an unknown value
R10=0x00007fc2bc554900 is an unknown value
R11=0x00007fc2bb55d850 is an unknown value
R12=0x00007fff98c9a4c0: objc_msgSend+0 in /usr/lib/libobjc.A.dylib at 0x00007fff98c99000
R13=0x00007fff98c9a4c0: objc_msgSend+0 in /usr/lib/libobjc.A.dylib at 0x00007fff98c99000
R14=0x0000000000000000 is an unknown value
R15=0x0000000000000000 is an unknown value


Stack: [0x0000700000526000,0x0000700000626000],  sp=0x0000700000625790,  free space=1021k
Native frames: (J=compiled Java code, j=interpreted, Vv=VM code, C=native code)
C  [libswt-cocoa-3738.jnilib+0x25ce9]  callback+0x297
C  [libswt-cocoa-3738.jnilib+0x425e]  fn0_2+0x27
C  [AppKit+0x18ab5a]  -[NSWindow orderWindow:relativeTo:]+0x76
C  [AppKit+0x2fd346]  __18-[NSWindow _close]_block_invoke+0x1eb
C  [AppKit+0x2fd115]  -[NSWindow _close]+0x176
C  [FinderKit+0xa649b]  -[FI_TFloatingInputWindowController dealloc]+0x3b
C  [libobjc.A.dylib+0x8288]  _ZN11objc_object17sidetable_releaseEb+0xf2
C  [AppKit+0x58995]  -[NSWindowController release]+0x9a
C  [FinderKit+0xa6d3a]  _ZN4TRefIP33FI_TFloatingInputWindowController23OBJCRetainReleasePolicyIS1_EED2Ev+0xc
C  [libsystem_c.dylib+0x5f463]  __cxa_finalize_ranges+0x159
C  [libsystem_c.dylib+0x5f767]  exit+0x37
V  [libjvm.dylib+0x2ea94a]
V  [libjvm.dylib+0x5b0a7d]
V  [libjvm.dylib+0x5af0e7]
V  [libjvm.dylib+0x5af534]
V  [libjvm.dylib+0x5aee53]
V  [libjvm.dylib+0x484f82]
C  [libsystem_pthread.dylib+0x399d]  _pthread_body+0x83
C  [libsystem_pthread.dylib+0x391a]  _pthread_body+0x0
C  [libsystem_pthread.dylib+0x1351]  thread_start+0xd

VM_Operation (0x00007000009b1658): Exit, mode: safepoint, requested by thread 0x00007fc2bc448000


---------------  P R O C E S S  ---------------

Java Threads: ( => current thread )
  0x00007fc2bc448000 JavaThread "SIGINT handler" daemon [_thread_blocked, id=64827, stack(0x00007000008b2000,0x00007000009b2000)]
  0x00007fc2bd00c000 JavaThread "DestroyJavaVM" [_thread_blocked, id=8203, stack(0x00007fff5a8b2000,0x00007fff5b0b2000)]
  0x00007fc2bd2a9000 JavaThread "pool-1-thread-1" [_thread_blocked, id=70467, stack(0x00007000012dc000,0x00007000013dc000)]
  0x00007fc2bd030000 JavaThread "Service Thread" daemon [_thread_blocked, id=17411, stack(0x0000700000dc4000,0x0000700000ec4000)]
  0x00007fc2bc062800 JavaThread "C1 CompilerThread2" daemon [_thread_blocked, id=16899, stack(0x0000700000cc1000,0x0000700000dc1000)]
  0x00007fc2bc061800 JavaThread "C2 CompilerThread1" daemon [_thread_blocked, id=16387, stack(0x0000700000bbe000,0x0000700000cbe000)]
  0x00007fc2bd02b000 JavaThread "C2 CompilerThread0" daemon [_thread_blocked, id=16139, stack(0x0000700000abb000,0x0000700000bbb000)]
  0x00007fc2bd059800 JavaThread "Finalizer" daemon [_thread_blocked, id=12291, stack(0x000070000072c000,0x000070000082c000)]
  0x00007fc2bd056800 JavaThread "Reference Handler" daemon [_thread_blocked, id=11779, stack(0x0000700000629000,0x0000700000729000)]

Other Threads:
=>0x00007fc2bb807000 VMThread [stack: 0x0000700000526000,0x0000700000626000] [id=11267]

VM state:at safepoint (shutting down)

VM Mutex/Monitor currently owned by a thread:  ([mutex/lock_event])
[0x00007fc2bb5057f0] Threads_lock - owner thread: 0x00007fc2bb807000

Heap:
 PSYoungGen      total 38400K, used 23292K [0x0000000795580000, 0x0000000798000000, 0x00000007c0000000)
  eden space 33280K, 69% used [0x0000000795580000,0x0000000796c3f198,0x0000000797600000)
  from space 5120K, 0% used [0x0000000797b00000,0x0000000797b00000,0x0000000798000000)
  to   space 5120K, 0% used [0x0000000797600000,0x0000000797600000,0x0000000797b00000)
 ParOldGen       total 87552K, used 0K [0x0000000740000000, 0x0000000745580000, 0x0000000795580000)
  object space 87552K, 0% used [0x0000000740000000,0x0000000740000000,0x0000000745580000)
 Metaspace       used 9626K, capacity 9762K, committed 9984K, reserved 1058816K
  class space    used 1140K, capacity 1175K, committed 1280K, reserved 1048576K

Card table byte_map: [0x00000001159aa000,0x0000000115dab000] byte_map_base: 0x0000000111faa000

Marking Bits: (ParMarkBitMap*) 0x0000000105ee6eb0
 Begin Bits: [0x0000000116056000, 0x0000000118056000)
 End Bits:   [0x0000000118056000, 0x000000011a056000)

Polling page: 0x00000001065d8000

CodeCache: size=245760Kb used=3366Kb max_used=3375Kb free=242393Kb
 bounds [0x00000001065ea000, 0x000000010693a000, 0x00000001155ea000]
 total_blobs=1153 nmethods=741 adapters=325
 compilation: enabled

Compilation events (10 events):
Event: 55.442 Thread 0x00007fc2bd02b000  739       4       org.eclipse.swt.widgets.Widget::callSuper (37 bytes)
Event: 55.444 Thread 0x00007fc2bd02b000 nmethod 739 0x00000001069311d0 code [0x0000000106931340, 0x0000000106931478]
Event: 56.029 Thread 0x00007fc2bc062800  740       1       org.eclipse.swt.widgets.Control::drawsBackground (2 bytes)
Event: 56.029 Thread 0x00007fc2bc062800 nmethod 740 0x0000000106930f10 code [0x0000000106931060, 0x0000000106931170]
Event: 56.029 Thread 0x00007fc2bc062800  741       3       org.eclipse.swt.widgets.Control::isTransparent (17 bytes)
Event: 56.029 Thread 0x00007fc2bc062800 nmethod 741 0x0000000106934f90 code [0x0000000106935100, 0x0000000106935368]
Event: 56.034 Thread 0x00007fc2bc062800  742       1       java.nio.Buffer::position (5 bytes)
Event: 56.034 Thread 0x00007fc2bc062800 nmethod 742 0x0000000106934cd0 code [0x0000000106934e20, 0x0000000106934f30]
Event: 56.034 Thread 0x00007fc2bc062800  743       1       java.nio.Buffer::limit (5 bytes)
Event: 56.034 Thread 0x00007fc2bc062800 nmethod 743 0x0000000106934a10 code [0x0000000106934b60, 0x0000000106934c70]

GC Heap History (0 events):
No events

Deoptimization events (7 events):
Event: 1.135 Thread 0x00007fc2bd00c000 Uncommon trap: reason=class_check action=maybe_recompile pc=0x0000000106743550 method=java.lang.String.equals(Ljava/lang/Object;)Z @ 8
Event: 1.135 Thread 0x00007fc2bd00c000 Uncommon trap: reason=class_check action=maybe_recompile pc=0x0000000106743550 method=java.lang.String.equals(Ljava/lang/Object;)Z @ 8
Event: 1.135 Thread 0x00007fc2bd00c000 Uncommon trap: reason=class_check action=maybe_recompile pc=0x0000000106743550 method=java.lang.String.equals(Ljava/lang/Object;)Z @ 8
Event: 5.800 Thread 0x00007fc2bd00c000 Uncommon trap: reason=unstable_if action=reinterpret pc=0x00000001068cc9c8 method=org.eclipse.swt.widgets.Display.windowProc(JJJ)J @ 82
Event: 9.753 Thread 0x00007fc2bd00c000 Uncommon trap: reason=unstable_if action=reinterpret pc=0x00000001068bfac4 method=org.eclipse.swt.widgets.Display.LookupWidget(JJ)Lorg/eclipse/swt/widgets/Widget; @ 29
Event: 44.457 Thread 0x00007fc2bd00c000 Uncommon trap: reason=class_check action=maybe_recompile pc=0x0000000106743550 method=java.lang.String.equals(Ljava/lang/Object;)Z @ 8
Event: 56.029 Thread 0x00007fc2bd00c000 Uncommon trap: reason=unstable_if action=reinterpret pc=0x00000001069167c8 method=org.eclipse.swt.widgets.Display.windowProc(JJJ)J @ 2070

Internal exceptions (7 events):
Event: 0.030 Thread 0x00007fc2bd00c000 Exception <a 'java/lang/NoSuchMethodError': Method sun.misc.Unsafe.defineClass(Ljava/lang/String;[BII)Ljava/lang/Class; name or signature does not match> (0x0000000795587cc0) thrown at [/Users/java_re/workspace/8-2-build-macosx-x86_64/jdk8u91/6644/hotspot
Event: 0.030 Thread 0x00007fc2bd00c000 Exception <a 'java/lang/NoSuchMethodError': Method sun.misc.Unsafe.prefetchRead(Ljava/lang/Object;J)V name or signature does not match> (0x0000000795587fa8) thrown at [/Users/java_re/workspace/8-2-build-macosx-x86_64/jdk8u91/6644/hotspot/src/share/vm/prim
Event: 0.346 Thread 0x00007fc2bd00c000 Exception <a 'java/security/PrivilegedActionException'> (0x0000000795c856b0) thrown at [/Users/java_re/workspace/8-2-build-macosx-x86_64/jdk8u91/6644/hotspot/src/share/vm/prims/jvm.cpp, line 1386]
Event: 0.346 Thread 0x00007fc2bd00c000 Exception <a 'java/security/PrivilegedActionException'> (0x0000000795c858c0) thrown at [/Users/java_re/workspace/8-2-build-macosx-x86_64/jdk8u91/6644/hotspot/src/share/vm/prims/jvm.cpp, line 1386]
Event: 0.347 Thread 0x00007fc2bd00c000 Exception <a 'java/security/PrivilegedActionException'> (0x0000000795c88b60) thrown at [/Users/java_re/workspace/8-2-build-macosx-x86_64/jdk8u91/6644/hotspot/src/share/vm/prims/jvm.cpp, line 1386]
Event: 0.347 Thread 0x00007fc2bd00c000 Exception <a 'java/security/PrivilegedActionException'> (0x0000000795c88d70) thrown at [/Users/java_re/workspace/8-2-build-macosx-x86_64/jdk8u91/6644/hotspot/src/share/vm/prims/jvm.cpp, line 1386]
Event: 56.031 Thread 0x00007fc2bd00c000 Exception <a 'java/lang/NullPointerException'> (0x0000000796a3cc58) thrown at [/Users/java_re/workspace/8-2-build-macosx-x86_64/jdk8u91/6644/hotspot/src/share/vm/interpreter/linkResolver.cpp, line 1178]

Events (10 events):
Event: 160.258 loading class sun/misc/Signal$1 done
Event: 160.258 Thread 0x00007fc2bc448000 Thread added: 0x00007fc2bc448000
Event: 160.258 loading class java/util/IdentityHashMap$KeyIterator
Event: 160.258 loading class java/util/IdentityHashMap$IdentityHashMapIterator
Event: 160.259 loading class java/util/IdentityHashMap$IdentityHashMapIterator done
Event: 160.259 loading class java/util/IdentityHashMap$KeyIterator done
Event: 160.259 Thread 0x00007fc2bc097800 Thread added: 0x00007fc2bc097800
Event: 160.259 Thread 0x00007fc2bc097800 Thread exited: 0x00007fc2bc097800
Event: 160.259 Thread 0x00007fc2bd029000 Thread exited: 0x00007fc2bd029000
Event: 160.259 Executing VM operation: Exit


Dynamic libraries:
0x000000000ad02000 	/System/Library/Frameworks/Cocoa.framework/Versions/A/Cocoa
0x000000000ad02000 	/System/Library/Frameworks/Security.framework/Versions/A/Security
0x000000000ad02000 	/System/Library/Frameworks/ApplicationServices.framework/Versions/A/ApplicationServices
0x000000000ad02000 	/usr/lib/libz.1.dylib
0x000000000ad02000 	/usr/lib/libSystem.B.dylib
0x000000000ad02000 	/usr/lib/libobjc.A.dylib
0x000000000ad02000 	/System/Library/Frameworks/CoreFoundation.framework/Versions/A/CoreFoundation
0x000000000ad02000 	/System/Library/Frameworks/Foundation.framework/Versions/C/Foundation
0x000000000ad02000 	/System/Library/Frameworks/AppKit.framework/Versions/C/AppKit
0x000000000ad02000 	/System/Library/Frameworks/CoreData.framework/Versions/A/CoreData
0x000000000ad02000 	/System/Library/PrivateFrameworks/RemoteViewServices.framework/Versions/A/RemoteViewServices
0x000000000ad02000 	/System/Library/PrivateFrameworks/UIFoundation.framework/Versions/A/UIFoundation
0x000000000ad02000 	/usr/lib/libScreenReader.dylib
0x000000000ad02000 	/System/Library/Frameworks/Accelerate.framework/Versions/A/Accelerate
0x000000000ad02000 	/System/Library/Frameworks/IOSurface.framework/Versions/A/IOSurface
0x000000000ad02000 	/System/Library/Frameworks/AudioToolbox.framework/Versions/A/AudioToolbox
0x000000000ad02000 	/System/Library/Frameworks/AudioUnit.framework/Versions/A/AudioUnit
0x000000000ad02000 	/System/Library/PrivateFrameworks/DataDetectorsCore.framework/Versions/A/DataDetectorsCore
0x000000000ad02000 	/System/Library/PrivateFrameworks/DesktopServicesPriv.framework/Versions/A/DesktopServicesPriv
0x000000000ad02000 	/System/Library/Frameworks/Carbon.framework/Versions/A/Frameworks/HIToolbox.framework/Versions/A/HIToolbox
0x000000000ad02000 	/System/Library/Frameworks/QuartzCore.framework/Versions/A/QuartzCore
0x000000000ad02000 	/System/Library/Frameworks/Carbon.framework/Versions/A/Frameworks/SpeechRecognition.framework/Versions/A/SpeechRecognition
0x000000000ad02000 	/usr/lib/libauto.dylib
0x000000000ad02000 	/usr/lib/libicucore.A.dylib
0x000000000ad02000 	/usr/lib/libxml2.2.dylib
0x000000000ad02000 	/System/Library/PrivateFrameworks/CoreUI.framework/Versions/A/CoreUI
0x000000000ad02000 	/System/Library/Frameworks/CoreAudio.framework/Versions/A/CoreAudio
0x000000000ad02000 	/System/Library/Frameworks/DiskArbitration.framework/Versions/A/DiskArbitration
0x000000000ad02000 	/usr/lib/liblangid.dylib
0x000000000ad02000 	/System/Library/PrivateFrameworks/MultitouchSupport.framework/Versions/A/MultitouchSupport
0x000000000ad02000 	/System/Library/Frameworks/IOKit.framework/Versions/A/IOKit
0x000000000ad02000 	/usr/lib/libDiagnosticMessagesClient.dylib
0x000000000ad02000 	/System/Library/Frameworks/CoreServices.framework/Versions/A/CoreServices
0x000000000ad02000 	/System/Library/PrivateFrameworks/PerformanceAnalysis.framework/Versions/A/PerformanceAnalysis
0x000000000ad02000 	/System/Library/PrivateFrameworks/GenerationalStorage.framework/Versions/A/GenerationalStorage
0x000000000ad02000 	/System/Library/Frameworks/OpenGL.framework/Versions/A/OpenGL
0x000000000ad02000 	/System/Library/PrivateFrameworks/Sharing.framework/Versions/A/Sharing
0x000000000ad02000 	/System/Library/Frameworks/CoreGraphics.framework/Versions/A/CoreGraphics
0x000000000ad02000 	/System/Library/Frameworks/CoreImage.framework/Versions/A/CoreImage
0x000000000ad02000 	/System/Library/Frameworks/CoreText.framework/Versions/A/CoreText
0x000000000ad02000 	/System/Library/Frameworks/ImageIO.framework/Versions/A/ImageIO
0x000000000ad02000 	/System/Library/PrivateFrameworks/Backup.framework/Versions/A/Backup
0x000000000ad02000 	/usr/lib/libextension.dylib
0x000000000ad02000 	/usr/lib/libarchive.2.dylib
0x000000000ad02000 	/System/Library/Frameworks/CFNetwork.framework/Versions/A/CFNetwork
0x000000000ad02000 	/System/Library/Frameworks/SystemConfiguration.framework/Versions/A/SystemConfiguration
0x000000000ad02000 	/usr/lib/libCRFSuite.dylib
0x000000000ad02000 	/usr/lib/libc++.1.dylib
0x000000000ad02000 	/usr/lib/libc++abi.dylib
0x000000000ad02000 	/usr/lib/system/libcache.dylib
0x000000000ad02000 	/usr/lib/system/libcommonCrypto.dylib
0x000000000ad02000 	/usr/lib/system/libcompiler_rt.dylib
0x000000000ad02000 	/usr/lib/system/libcopyfile.dylib
0x000000000ad02000 	/usr/lib/system/libcorecrypto.dylib
0x000000000ad02000 	/usr/lib/system/libdispatch.dylib
0x000000000ad02000 	/usr/lib/system/libdyld.dylib
0x000000000ad02000 	/usr/lib/system/libkeymgr.dylib
0x000000000ad02000 	/usr/lib/system/liblaunch.dylib
0x000000000ad02000 	/usr/lib/system/libmacho.dylib
0x000000000ad02000 	/usr/lib/system/libquarantine.dylib
0x000000000ad02000 	/usr/lib/system/libremovefile.dylib
0x000000000ad02000 	/usr/lib/system/libsystem_asl.dylib
0x000000000ad02000 	/usr/lib/system/libsystem_blocks.dylib
0x000000000ad02000 	/usr/lib/system/libsystem_c.dylib
0x000000000ad02000 	/usr/lib/system/libsystem_configuration.dylib
0x000000000ad02000 	/usr/lib/system/libsystem_coreservices.dylib
0x000000000ad02000 	/usr/lib/system/libsystem_coretls.dylib
0x000000000ad02000 	/usr/lib/system/libsystem_dnssd.dylib
0x000000000ad02000 	/usr/lib/system/libsystem_info.dylib
0x000000000ad02000 	/usr/lib/system/libsystem_kernel.dylib
0x000000000ad02000 	/usr/lib/system/libsystem_m.dylib
0x000000000ad02000 	/usr/lib/system/libsystem_malloc.dylib
0x000000000ad02000 	/usr/lib/system/libsystem_network.dylib
0x000000000ad02000 	/usr/lib/system/libsystem_networkextension.dylib
0x000000000ad02000 	/usr/lib/system/libsystem_notify.dylib
0x000000000ad02000 	/usr/lib/system/libsystem_platform.dylib
0x000000000ad02000 	/usr/lib/system/libsystem_pthread.dylib
0x000000000ad02000 	/usr/lib/system/libsystem_sandbox.dylib
0x000000000ad02000 	/usr/lib/system/libsystem_secinit.dylib
0x000000000ad02000 	/usr/lib/system/libsystem_trace.dylib
0x000000000ad02000 	/usr/lib/system/libunc.dylib
0x000000000ad02000 	/usr/lib/system/libunwind.dylib
0x000000000ad02000 	/usr/lib/system/libxpc.dylib
0x000000000ad02000 	/usr/lib/libenergytrace.dylib
0x000000000ad02000 	/usr/lib/libbsm.0.dylib
0x000000000ad02000 	/usr/lib/system/libkxld.dylib
0x000000000ad02000 	/usr/lib/libxar.1.dylib
0x000000000ad02000 	/usr/lib/libsqlite3.dylib
0x000000000ad02000 	/usr/lib/libpam.2.dylib
0x000000000ad02000 	/usr/lib/libOpenScriptingUtil.dylib
0x000000000ad02000 	/usr/lib/libbz2.1.0.dylib
0x000000000ad02000 	/usr/lib/liblzma.5.dylib
0x000000000ad02000 	/System/Library/Frameworks/CoreServices.framework/Versions/A/Frameworks/FSEvents.framework/Versions/A/FSEvents
0x000000000ad02000 	/System/Library/Frameworks/CoreServices.framework/Versions/A/Frameworks/CarbonCore.framework/Versions/A/CarbonCore
0x000000000ad02000 	/System/Library/Frameworks/CoreServices.framework/Versions/A/Frameworks/Metadata.framework/Versions/A/Metadata
0x000000000ad02000 	/System/Library/Frameworks/CoreServices.framework/Versions/A/Frameworks/OSServices.framework/Versions/A/OSServices
0x000000000ad02000 	/System/Library/Frameworks/CoreServices.framework/Versions/A/Frameworks/SearchKit.framework/Versions/A/SearchKit
0x000000000ad02000 	/System/Library/Frameworks/CoreServices.framework/Versions/A/Frameworks/AE.framework/Versions/A/AE
0x000000000ad02000 	/System/Library/Frameworks/CoreServices.framework/Versions/A/Frameworks/LaunchServices.framework/Versions/A/LaunchServices
0x000000000ad02000 	/System/Library/Frameworks/CoreServices.framework/Versions/A/Frameworks/DictionaryServices.framework/Versions/A/DictionaryServices
0x000000000ad02000 	/System/Library/Frameworks/CoreServices.framework/Versions/A/Frameworks/SharedFileList.framework/Versions/A/SharedFileList
0x000000000ad02000 	/System/Library/Frameworks/NetFS.framework/Versions/A/NetFS
0x000000000ad02000 	/System/Library/PrivateFrameworks/NetAuth.framework/Versions/A/NetAuth
0x000000000ad02000 	/System/Library/PrivateFrameworks/login.framework/Versions/A/Frameworks/loginsupport.framework/Versions/A/loginsupport
0x000000000ad02000 	/System/Library/PrivateFrameworks/TCC.framework/Versions/A/TCC
0x000000000ad02000 	/usr/lib/libmecabra.dylib
0x000000000ad02000 	/System/Library/Frameworks/ApplicationServices.framework/Versions/A/Frameworks/ATS.framework/Versions/A/ATS
0x000000000ad02000 	/System/Library/Frameworks/ApplicationServices.framework/Versions/A/Frameworks/ColorSync.framework/Versions/A/ColorSync
0x000000000ad02000 	/System/Library/Frameworks/ApplicationServices.framework/Versions/A/Frameworks/HIServices.framework/Versions/A/HIServices
0x000000000ad02000 	/System/Library/Frameworks/ApplicationServices.framework/Versions/A/Frameworks/LangAnalysis.framework/Versions/A/LangAnalysis
0x000000000ad02000 	/System/Library/Frameworks/ApplicationServices.framework/Versions/A/Frameworks/PrintCore.framework/Versions/A/PrintCore
0x000000000ad02000 	/System/Library/Frameworks/ApplicationServices.framework/Versions/A/Frameworks/QD.framework/Versions/A/QD
0x000000000ad02000 	/System/Library/Frameworks/ApplicationServices.framework/Versions/A/Frameworks/SpeechSynthesis.framework/Versions/A/SpeechSynthesis
0x000000000ad02000 	/System/Library/Frameworks/Metal.framework/Versions/A/Metal
0x000000000ad02000 	/System/Library/Frameworks/Accelerate.framework/Versions/A/Frameworks/vImage.framework/Versions/A/vImage
0x000000000ad02000 	/System/Library/Frameworks/Accelerate.framework/Versions/A/Frameworks/vecLib.framework/Versions/A/vecLib
0x000000000ad02000 	/System/Library/Frameworks/Accelerate.framework/Versions/A/Frameworks/vecLib.framework/Versions/A/libvDSP.dylib
0x000000000ad02000 	/System/Library/Frameworks/Accelerate.framework/Versions/A/Frameworks/vecLib.framework/Versions/A/libvMisc.dylib
0x000000000ad02000 	/System/Library/Frameworks/Accelerate.framework/Versions/A/Frameworks/vecLib.framework/Versions/A/libLAPACK.dylib
0x000000000ad02000 	/System/Library/Frameworks/Accelerate.framework/Versions/A/Frameworks/vecLib.framework/Versions/A/libBLAS.dylib
0x000000000ad02000 	/System/Library/Frameworks/Accelerate.framework/Versions/A/Frameworks/vecLib.framework/Versions/A/libLinearAlgebra.dylib
0x000000000ad02000 	/System/Library/Frameworks/Accelerate.framework/Versions/A/Frameworks/vecLib.framework/Versions/A/libSparseBLAS.dylib
0x000000000ad02000 	/System/Library/PrivateFrameworks/GPUCompiler.framework/libmetal_timestamp.dylib
0x000000000ad02000 	/System/Library/Frameworks/OpenGL.framework/Versions/A/Libraries/libCoreFSCache.dylib
0x000000000ad02000 	/System/Library/PrivateFrameworks/IOAccelerator.framework/Versions/A/IOAccelerator
0x000000000ad02000 	/System/Library/Frameworks/ApplicationServices.framework/Versions/A/Frameworks/ATS.framework/Versions/A/Resources/libFontParser.dylib
0x000000000ad02000 	/System/Library/Frameworks/ApplicationServices.framework/Versions/A/Frameworks/ATS.framework/Versions/A/Resources/libFontRegistry.dylib
0x000000000ad02000 	/System/Library/PrivateFrameworks/AppleVPA.framework/Versions/A/AppleVPA
0x000000000ad02000 	/System/Library/PrivateFrameworks/AppleJPEG.framework/Versions/A/AppleJPEG
0x000000000ad02000 	/System/Library/Frameworks/ImageIO.framework/Versions/A/Resources/libJPEG.dylib
0x000000000ad02000 	/System/Library/Frameworks/ImageIO.framework/Versions/A/Resources/libTIFF.dylib
0x000000000ad02000 	/System/Library/Frameworks/ImageIO.framework/Versions/A/Resources/libPng.dylib
0x000000000ad02000 	/System/Library/Frameworks/ImageIO.framework/Versions/A/Resources/libGIF.dylib
0x000000000ad02000 	/System/Library/Frameworks/ImageIO.framework/Versions/A/Resources/libJP2.dylib
0x000000000ad02000 	/System/Library/Frameworks/ImageIO.framework/Versions/A/Resources/libRadiance.dylib
0x000000000ad02000 	/System/Library/Frameworks/CoreVideo.framework/Versions/A/CoreVideo
0x000000000ad02000 	/System/Library/Frameworks/OpenGL.framework/Versions/A/Libraries/libGLU.dylib
0x000000000ad02000 	/System/Library/Frameworks/OpenGL.framework/Versions/A/Libraries/libGFXShared.dylib
0x000000000ad02000 	/System/Library/Frameworks/OpenGL.framework/Versions/A/Libraries/libGL.dylib
0x000000000ad02000 	/System/Library/Frameworks/OpenGL.framework/Versions/A/Libraries/libGLImage.dylib
0x000000000ad02000 	/System/Library/Frameworks/OpenGL.framework/Versions/A/Libraries/libCVMSPluginSupport.dylib
0x000000000ad02000 	/System/Library/Frameworks/OpenGL.framework/Versions/A/Libraries/libCoreVMClient.dylib
0x000000000ad02000 	/usr/lib/libcompression.dylib
0x000000000ad02000 	/usr/lib/libcups.2.dylib
0x000000000ad02000 	/System/Library/Frameworks/Kerberos.framework/Versions/A/Kerberos
0x000000000ad02000 	/System/Library/Frameworks/GSS.framework/Versions/A/GSS
0x000000000ad02000 	/usr/lib/libresolv.9.dylib
0x000000000ad02000 	/usr/lib/libiconv.2.dylib
0x000000000ad02000 	/System/Library/PrivateFrameworks/Heimdal.framework/Versions/A/Heimdal
0x000000000ad02000 	/usr/lib/libheimdal-asn1.dylib
0x000000000ad02000 	/System/Library/Frameworks/OpenDirectory.framework/Versions/A/OpenDirectory
0x000000000ad02000 	/System/Library/PrivateFrameworks/CommonAuth.framework/Versions/A/CommonAuth
0x000000000ad02000 	/System/Library/Frameworks/OpenDirectory.framework/Versions/A/Frameworks/CFOpenDirectory.framework/Versions/A/CFOpenDirectory
0x000000000ad02000 	/System/Library/Frameworks/SecurityFoundation.framework/Versions/A/SecurityFoundation
0x000000000ad02000 	/System/Library/PrivateFrameworks/LanguageModeling.framework/Versions/A/LanguageModeling
0x000000000ad02000 	/usr/lib/libmarisa.dylib
0x000000000ad02000 	/usr/lib/libChineseTokenizer.dylib
0x000000000ad02000 	/usr/lib/libcmph.dylib
0x000000000ad02000 	/System/Library/Frameworks/ServiceManagement.framework/Versions/A/ServiceManagement
0x000000000ad02000 	/usr/lib/libxslt.1.dylib
0x000000000ad02000 	/System/Library/Frameworks/Carbon.framework/Versions/A/Frameworks/Ink.framework/Versions/A/Ink
0x000000000ad02000 	/usr/lib/libFosl_dynamic.dylib
0x000000000ad02000 	/System/Library/PrivateFrameworks/FaceCore.framework/Versions/A/FaceCore
0x000000000ad02000 	/System/Library/Frameworks/OpenCL.framework/Versions/A/OpenCL
0x000000000ad02000 	/System/Library/PrivateFrameworks/CrashReporterSupport.framework/Versions/A/CrashReporterSupport
0x000000000ad02000 	/System/Library/PrivateFrameworks/IconServices.framework/Versions/A/IconServices
0x000000000ad02000 	/System/Library/PrivateFrameworks/Apple80211.framework/Versions/A/Apple80211
0x000000000ad02000 	/System/Library/Frameworks/CoreWLAN.framework/Versions/A/CoreWLAN
0x000000000ad02000 	/System/Library/Frameworks/IOBluetooth.framework/Versions/A/IOBluetooth
0x000000000ad02000 	/System/Library/PrivateFrameworks/CoreWiFi.framework/Versions/A/CoreWiFi
0x000000000ad02000 	/System/Library/Frameworks/CoreBluetooth.framework/Versions/A/CoreBluetooth
0x000000000ad02000 	/System/Library/PrivateFrameworks/ChunkingLibrary.framework/Versions/A/ChunkingLibrary
0x000000000ad02000 	/System/Library/PrivateFrameworks/DebugSymbols.framework/Versions/A/DebugSymbols
0x000000000ad02000 	/System/Library/PrivateFrameworks/CoreSymbolication.framework/Versions/A/CoreSymbolication
0x000000000ad02000 	/System/Library/PrivateFrameworks/Symbolication.framework/Versions/A/Symbolication
0x000000000ad02000 	/System/Library/PrivateFrameworks/SpeechRecognitionCore.framework/Versions/A/SpeechRecognitionCore
0x0000000105600000 	/Library/Java/JavaVirtualMachines/jdk1.8.0_91.jdk/Contents/Home/jre/lib/server/libjvm.dylib
0x000000000ad02000 	/usr/lib/libstdc++.6.dylib
0x0000000106595000 	/Library/Java/JavaVirtualMachines/jdk1.8.0_91.jdk/Contents/Home/jre/lib/libverify.dylib
0x00000001065a3000 	/Library/Java/JavaVirtualMachines/jdk1.8.0_91.jdk/Contents/Home/jre/lib/libjava.dylib
0x00000001065e1000 	/Library/Java/JavaVirtualMachines/jdk1.8.0_91.jdk/Contents/Home/jre/lib/libzip.dylib
0x000000011bf24000 	/System/Library/Frameworks/JavaVM.framework/Frameworks/JavaRuntimeSupport.framework/JavaRuntimeSupport
0x000000011bf3f000 	/System/Library/Frameworks/JavaVM.framework/Versions/A/Frameworks/JavaNativeFoundation.framework/Versions/A/JavaNativeFoundation
0x000000011bf54000 	/System/Library/Frameworks/JavaVM.framework/Versions/A/JavaVM
0x000000000ad02000 	/System/Library/Frameworks/Carbon.framework/Versions/A/Carbon
0x000000011bf61000 	/System/Library/PrivateFrameworks/JavaLaunching.framework/Versions/A/JavaLaunching
0x000000000ad02000 	/System/Library/Frameworks/Carbon.framework/Versions/A/Frameworks/CommonPanels.framework/Versions/A/CommonPanels
0x000000000ad02000 	/System/Library/Frameworks/Carbon.framework/Versions/A/Frameworks/Help.framework/Versions/A/Help
0x000000000ad02000 	/System/Library/Frameworks/Carbon.framework/Versions/A/Frameworks/ImageCapture.framework/Versions/A/ImageCapture
0x000000000ad02000 	/System/Library/Frameworks/Carbon.framework/Versions/A/Frameworks/OpenScripting.framework/Versions/A/OpenScripting
0x000000000ad02000 	/System/Library/Frameworks/Carbon.framework/Versions/A/Frameworks/Print.framework/Versions/A/Print
0x000000000ad02000 	/System/Library/Frameworks/Carbon.framework/Versions/A/Frameworks/SecurityHI.framework/Versions/A/SecurityHI
0x000000011df89000 	/Users/laigd/.swt/lib/macosx/x86_64/libswt-cocoa-3738.jnilib
0x000000000ad02000 	/System/Library/Frameworks/WebKit.framework/Versions/A/WebKit
0x000000000ad02000 	/System/Library/Frameworks/JavaScriptCore.framework/Versions/A/JavaScriptCore
0x000000000ad02000 	/System/Library/Frameworks/SecurityInterface.framework/Versions/A/SecurityInterface
0x000000000ad02000 	/System/Library/Frameworks/WebKit.framework/Versions/A/Frameworks/WebKitLegacy.framework/Versions/A/WebKitLegacy
0x000000000ad02000 	/System/Library/Frameworks/WebKit.framework/Versions/A/Frameworks/WebCore.framework/Versions/A/WebCore
0x000000011dfd6000 	/Users/laigd/.swt/lib/macosx/x86_64/libswt-pi-cocoa-3738.jnilib
0x000000000ad02000 	/System/Library/PrivateFrameworks/CoreServicesInternal.framework/Versions/A/CoreServicesInternal
0x000000011db7c000 	/System/Library/Frameworks/CoreGraphics.framework/Versions/A/Resources/libCGXType.A.dylib
0x000000000ad02000 	/System/Library/Frameworks/Accelerate.framework/Versions/A/Frameworks/vImage.framework/Versions/A/Libraries/libCGInterfaces.dylib
0x000000011dde2000 	/System/Library/Frameworks/CoreGraphics.framework/Versions/A/Resources/libRIP.A.dylib
0x000000000ad02000 	/System/Library/Frameworks/OpenCL.framework/Versions/A/Libraries/libcldcpuengine.dylib
0x000000000ad02000 	/System/Library/PrivateFrameworks/DiskImages.framework/Versions/A/DiskImages
0x000000000ad02000 	/System/Library/Frameworks/DiscRecording.framework/Versions/A/DiscRecording
0x000000000ad02000 	/usr/lib/libcsfde.dylib
0x000000000ad02000 	/usr/lib/libcurl.4.dylib
0x000000000ad02000 	/System/Library/PrivateFrameworks/MediaKit.framework/Versions/A/MediaKit
0x000000000ad02000 	/System/Library/PrivateFrameworks/ProtectedCloudStorage.framework/Versions/A/ProtectedCloudStorage
0x000000000ad02000 	/usr/lib/libCoreStorage.dylib
0x000000000ad02000 	/System/Library/PrivateFrameworks/EFILogin.framework/Versions/A/EFILogin
0x000000000ad02000 	/usr/lib/libutil.dylib
0x000000000ad02000 	/System/Library/PrivateFrameworks/FindMyDevice.framework/Versions/A/FindMyDevice
0x000000000ad02000 	/System/Library/Frameworks/LDAP.framework/Versions/A/LDAP
0x000000000ad02000 	/usr/lib/libsasl2.2.dylib
0x000000000ad02000 	/System/Library/PrivateFrameworks/CoreDaemon.framework/Versions/B/CoreDaemon
0x000000000ad02000 	/usr/lib/libcrypto.0.9.8.dylib
0x000000000ad02000 	/System/Library/PrivateFrameworks/AppleSRP.framework/Versions/A/AppleSRP
0x000000000ad02000 	/System/Library/PrivateFrameworks/TrustEvaluationAgent.framework/Versions/A/TrustEvaluationAgent
0x000000011d98d000 	cl_kernels
0x000000000ad02000 	/System/Library/Frameworks/OpenCL.framework/Versions/A/Libraries/ImageFormats/unorm8_bgra.dylib
0x000000000ad02000 	/System/Library/Frameworks/OpenCL.framework/Versions/A/Libraries/ImageFormats/unorm8_rgba.dylib
0x000000000ad02000 	/System/Library/PrivateFrameworks/FamilyControls.framework/Versions/A/FamilyControls
0x000000000ad02000 	/System/Library/PrivateFrameworks/CommerceKit.framework/Versions/A/Frameworks/CommerceCore.framework/Versions/A/CommerceCore
0x000000000ad02000 	/System/Library/PrivateFrameworks/SystemAdministration.framework/Versions/A/SystemAdministration
0x000000000ad02000 	/System/Library/PrivateFrameworks/AppContainer.framework/Versions/A/AppContainer
0x000000000ad02000 	/System/Library/PrivateFrameworks/SecCodeWrapper.framework/Versions/A/SecCodeWrapper
0x000000000ad02000 	/System/Library/Frameworks/DirectoryService.framework/Versions/A/DirectoryService
0x000000000ad02000 	/System/Library/PrivateFrameworks/LoginUIKit.framework/Versions/A/Frameworks/LoginUICore.framework/Versions/A/LoginUICore
0x000000000ad02000 	/usr/lib/libodfde.dylib
0x000000000ad02000 	/System/Library/PrivateFrameworks/FinderKit.framework/Versions/A/FinderKit
0x000000000ad02000 	/System/Library/Frameworks/Quartz.framework/Versions/A/Frameworks/QuickLookUI.framework/Versions/A/QuickLookUI
0x000000000ad02000 	/System/Library/Frameworks/Quartz.framework/Versions/A/Frameworks/ImageKit.framework/Versions/A/ImageKit
0x000000000ad02000 	/System/Library/PrivateFrameworks/Bom.framework/Versions/A/Bom
0x000000000ad02000 	/System/Library/Frameworks/QuickLook.framework/Versions/A/QuickLook
0x000000000ad02000 	/System/Library/PrivateFrameworks/Suggestions.framework/Versions/A/Suggestions
0x000000000ad02000 	/System/Library/PrivateFrameworks/AppleSystemInfo.framework/Versions/A/AppleSystemInfo
0x000000000ad02000 	/System/Library/Frameworks/ImageCaptureCore.framework/Versions/A/ImageCaptureCore
0x000000000ad02000 	/System/Library/PrivateFrameworks/SafariServices.framework/Versions/A/SafariServices
0x000000000ad02000 	/usr/lib/libspindump.dylib
0x000000000ad02000 	/System/Library/Frameworks/QTKit.framework/Versions/A/QTKit
0x000000000ad02000 	/System/Library/PrivateFrameworks/ViewBridge.framework/Versions/A/ViewBridge
0x000000000ad02000 	/System/Library/PrivateFrameworks/XPCService.framework/Versions/A/XPCService
0x000000000ad02000 	/System/Library/PrivateFrameworks/AppSandbox.framework/Versions/A/AppSandbox
0x000000000ad02000 	/usr/lib/libsandbox.1.dylib
0x000000000ad02000 	/usr/lib/libMatch.1.dylib
0x000000000ad02000 	/System/Library/Frameworks/AVFoundation.framework/Versions/A/AVFoundation
0x000000000ad02000 	/System/Library/Frameworks/CoreMedia.framework/Versions/A/CoreMedia
0x000000000ad02000 	/System/Library/Frameworks/MediaToolbox.framework/Versions/A/MediaToolbox
0x000000000ad02000 	/System/Library/Frameworks/VideoToolbox.framework/Versions/A/VideoToolbox
0x000000000ad02000 	/System/Library/PrivateFrameworks/CoreMediaAuthoring.framework/Versions/A/CoreMediaAuthoring
0x000000000ad02000 	/System/Library/Frameworks/CoreMediaIO.framework/Versions/A/CoreMediaIO
0x000000000ad02000 	/System/Library/Frameworks/AVFoundation.framework/Versions/A/Resources/libAVFAudio.dylib
0x000000000ad02000 	/System/Library/PrivateFrameworks/CoreAVCHD.framework/Versions/A/CoreAVCHD
0x000000000ad02000 	/System/Library/Frameworks/MediaAccessibility.framework/Versions/A/MediaAccessibility
0x000000000ad02000 	/System/Library/PrivateFrameworks/Mangrove.framework/Versions/A/Mangrove
0x000000000ad02000 	/System/Library/PrivateFrameworks/CoreAUC.framework/Versions/A/CoreAUC
0x000000000ad02000 	/System/Library/PrivateFrameworks/AppleVA.framework/Versions/A/AppleVA
0x000000000ad02000 	/System/Library/PrivateFrameworks/DisplayServices.framework/Versions/A/DisplayServices
0x000000000ad02000 	/System/Library/Frameworks/Quartz.framework/Versions/A/Frameworks/PDFKit.framework/Versions/A/PDFKit
0x000000000ad02000 	/System/Library/Frameworks/Quartz.framework/Versions/A/Frameworks/QuartzComposer.framework/Versions/A/QuartzComposer
0x000000000ad02000 	/System/Library/Frameworks/Quartz.framework/Versions/A/Frameworks/QuartzFilters.framework/Versions/A/QuartzFilters
0x000000000ad02000 	/System/Library/PrivateFrameworks/CorePDF.framework/Versions/A/CorePDF
0x000000000ad02000 	/System/Library/PrivateFrameworks/AppleFSCompression.framework/Versions/A/AppleFSCompression
0x000000000ad02000 	/System/Library/Frameworks/AddressBook.framework/Versions/A/AddressBook
0x000000000ad02000 	/System/Library/PrivateFrameworks/ContactsPersistence.framework/Versions/A/ContactsPersistence
0x000000000ad02000 	/System/Library/PrivateFrameworks/ContactsFoundation.framework/Versions/A/ContactsFoundation
0x000000000ad02000 	/System/Library/PrivateFrameworks/vCard.framework/Versions/A/vCard
0x000000000ad02000 	/System/Library/PrivateFrameworks/IntlPreferences.framework/Versions/A/IntlPreferences
0x000000000ad02000 	/System/Library/PrivateFrameworks/ToneLibrary.framework/Versions/A/ToneLibrary
0x000000000ad02000 	/System/Library/PrivateFrameworks/ToneKit.framework/Versions/A/ToneKit
0x000000000ad02000 	/System/Library/PrivateFrameworks/ApplePushService.framework/Versions/A/ApplePushService
0x000000000ad02000 	/System/Library/PrivateFrameworks/PhoneNumbers.framework/Versions/A/PhoneNumbers
0x000000000ad02000 	/System/Library/Frameworks/Quartz.framework/Versions/A/Quartz
0x000000000ad02000 	/System/Library/PrivateFrameworks/CloudDocs.framework/Versions/A/CloudDocs
0x000000000ad02000 	/System/Library/PrivateFrameworks/CoreDuet.framework/Versions/A/CoreDuet
0x000000000ad02000 	/System/Library/Frameworks/CloudKit.framework/Versions/A/CloudKit
0x000000000ad02000 	/System/Library/PrivateFrameworks/ProtocolBuffer.framework/Versions/A/ProtocolBuffer
0x000000000ad02000 	/System/Library/PrivateFrameworks/CoreDuetDaemonProtocol.framework/Versions/A/CoreDuetDaemonProtocol
0x000000000ad02000 	/System/Library/PrivateFrameworks/CoreDuetDebugLogging.framework/Versions/A/CoreDuetDebugLogging
0x000000000ad02000 	/System/Library/PrivateFrameworks/MMCS.framework/Versions/A/MMCS
0x000000000ad02000 	/System/Library/Frameworks/CoreLocation.framework/Versions/A/CoreLocation
0x000000000ad02000 	/System/Library/PrivateFrameworks/AssetCacheServices.framework/Versions/A/AssetCacheServices
0x000000000ad02000 	/System/Library/PrivateFrameworks/GeoServices.framework/Versions/A/GeoServices
0x000000000ad02000 	/System/Library/PrivateFrameworks/PlugInKit.framework/Versions/A/PlugInKit
0x000000000ad02000 	/System/Library/CoreServices/RawCamera.bundle/Contents/MacOS/RawCamera
0x0000000121e63000 	/System/Library/Frameworks/OpenGL.framework/Resources/GLEngine.bundle/GLEngine
0x000000000ad02000 	/System/Library/Frameworks/OpenGL.framework/Versions/A/Libraries/libGLProgrammability.dylib
0x000000012204b000 	/System/Library/Extensions/AppleIntelHD5000GraphicsGLDriver.bundle/Contents/MacOS/AppleIntelHD5000GraphicsGLDriver
0x000000000ad02000 	/System/Library/PrivateFrameworks/GPUSupport.framework/Versions/A/Libraries/libGPUSupportMercury.dylib
0x000000012279a000 	/System/Library/Frameworks/OpenGL.framework/Resources//GLRendererFloat.bundle/GLRendererFloat
0x0000000122c0e000 	/System/Library/Extensions/AppleIntelHD5000GraphicsMTLDriver.bundle/Contents/MacOS/AppleIntelHD5000GraphicsMTLDriver
0x000000000ad02000 	/System/Library/PrivateFrameworks/CacheDelete.framework/Versions/A/CacheDelete
0x000000000ad02000 	/System/Library/PrivateFrameworks/Shortcut.framework/Versions/A/Shortcut
0x000000000ad02000 	/System/Library/PrivateFrameworks/HelpData.framework/Versions/A/HelpData
0x000000000ad02000 	/usr/lib/libtidy.A.dylib
0x000000012ac13000 	/System/Library/Frameworks/Security.framework/PlugIns/csparser.bundle/Contents/MacOS/csparser

VM Arguments:
java_command: dre.app.macosx.x64.jar
java_class_path (initial): dre.app.macosx.x64.jar
Launcher Type: SUN_STANDARD

Environment Variables:
PATH=/Users/laigd/homebrew/bin:/Users/laigd/Workspace/csearch/bin:/Users/laigd/homebrew/bin:/Users/laigd/Workspace/csearch/bin:/Library/Frameworks/Python.framework/Versions/3.4/bin:/Users/laigd/homebrew/bin:/Users/laigd/Workspace/csearch/bin:/usr/local/git/current/bin:/usr/local/bin:/usr/bin:/bin:/usr/local/sbin:/usr/sbin:/sbin:/opt/X11/bin:/Library/Frameworks/Python.framework/Versions/3.4/bin:/Users/laigd/homebrew/bin:/Users/laigd/Workspace/csearch/bin
SHELL=/bin/bash
DISPLAY=/private/tmp/com.apple.launchd.29yiLvx9hg/org.macosforge.xquartz:0

Signal Handlers:
SIGSEGV: [libjvm.dylib+0x5a97a1], sa_mask[0]=11111111011111110111111111111111, sa_flags=SA_ONSTACK|SA_RESTART|SA_SIGINFO
SIGBUS: [libjvm.dylib+0x5a97a1], sa_mask[0]=11111111011111110111111111111111, sa_flags=SA_RESTART|SA_SIGINFO
SIGFPE: [libjvm.dylib+0x482594], sa_mask[0]=11111111011111110111111111111111, sa_flags=SA_RESTART|SA_SIGINFO
SIGPIPE: [libjvm.dylib+0x482594], sa_mask[0]=11111111011111110111111111111111, sa_flags=SA_RESTART|SA_SIGINFO
SIGXFSZ: [libjvm.dylib+0x482594], sa_mask[0]=11111111011111110111111111111111, sa_flags=SA_RESTART|SA_SIGINFO
SIGILL: [libjvm.dylib+0x482594], sa_mask[0]=11111111011111110111111111111111, sa_flags=SA_RESTART|SA_SIGINFO
SIGUSR1: SIG_DFL, sa_mask[0]=11011111011111100000000111000110, sa_flags=none
SIGUSR2: [libjvm.dylib+0x4820b2], sa_mask[0]=00000000000000000000000000000000, sa_flags=SA_RESTART|SA_SIGINFO
SIGHUP: [libjvm.dylib+0x480689], sa_mask[0]=11111111011111110111111111111111, sa_flags=SA_RESTART|SA_SIGINFO
SIGINT: [libjvm.dylib+0x480689], sa_mask[0]=11111111011111110111111111111111, sa_flags=SA_RESTART|SA_SIGINFO
SIGTERM: [libjvm.dylib+0x480689], sa_mask[0]=11111111011111110111111111111111, sa_flags=SA_RESTART|SA_SIGINFO
SIGQUIT: [libjvm.dylib+0x480689], sa_mask[0]=11111111011111110111111111111111, sa_flags=SA_RESTART|SA_SIGINFO


---------------  S Y S T E M  ---------------

OS:Bsduname:Darwin 15.6.0 Darwin Kernel Version 15.6.0: Wed Nov  2 20:30:56 PDT 2016; root:xnu-3248.60.11.1.2~2/RELEASE_X86_64 x86_64
rlimit: STACK 8192k, CORE 0k, NPROC 709, NOFILE 10240, AS infinity
load average:1.67 1.96 2.05

CPU:total 4 (2 cores per cpu, 2 threads per core) family 6 model 69 stepping 1, cmov, cx8, fxsr, mmx, sse, sse2, sse3, ssse3, sse4.1, sse4.2, popcnt, avx, avx2, aes, clmul, erms, rtm, lzcnt, ht, tsc, tscinvbit, bmi1, bmi2

Memory: 4k page, physical 8388608k(102260k free)

/proc/meminfo:


vm_info: Java HotSpot(TM) 64-Bit Server VM (25.91-b14) for bsd-amd64 JRE (1.8.0_91-b14), built on Apr  1 2016 01:03:00 by "java_re" with gcc 4.2.1 (Based on Apple Inc. build 5658) (LLVM build 2336.11.00)

time: Sat Dec 31 13:55:10 2016
elapsed time: 160 seconds (0d 0h 2m 40s)

